2024-03-26 09:15:01.123 [INF] Application Start
2024-03-26 09:15:03.456 [DBG] Loading modules
2024-03-26 09:15:04.789 [INF] Module A initialized
2024-03-26 09:15:05.012 [DBG] Module B initialization started
2024-03-26 09:15:05.234 [INF] Module B initialized
2024-03-26 09:15:06.345 [WRN] Module C is deprecated
2024-03-26 09:15:07.456 [INF] Module C initialized anyway
2024-03-26 09:15:08.567 [DBG] Attempting connection to database
2024-03-26 09:15:09.678 [ERR] Database connection failed: "Connection timeout"
2024-03-26 09:15:10.789 [INF] Retrying database connection
2024-03-26 09:15:11.890 [DBG] Database connection attempt 2
2024-03-26 09:15:12.901 [INF] Database connected
2024-03-26 09:15:13.012 [WRN] Low disk space
2024-03-26 09:15:14.123 [ERR] Failed to save file: "Disk quota exceeded"
2024-03-26 09:15:15.234 [INF] User login attempt
2024-03-26 09:15:16.345 [INF] User logged in successfully
2024-03-26 09:15:17.456 [DBG] Session started for user: "User123"
2024-03-26 09:15:18.567 [WRN] User session already active
2024-03-26 09:15:19.678 [INF] Application health check OK
2024-03-26 09:15:20.789 [INF] Application End