2024-03-26 09:15:01.1231 INFO Application Start
2024-03-26 09:15:03.4562 DEBUG Loading modules
2024-03-26 09:15:04.7893 INFO Module A initialized
2024-03-26 09:15:05.0124 DEBUG Module B initialization started
2024-03-26 09:15:05.2345 INFO Module B initialized
2024-03-26 09:15:06.3456 WARN Module C is deprecated
2024-03-26 09:15:07.4567 INFO Module C initialized anyway
2024-03-26 09:15:08.5678 DEBUG Attempting connection to database
2024-03-26 09:15:09.6789 ERROR Database connection failed
2024-03-26 09:15:10.7891 INFO Retrying database connection
2024-03-26 09:15:11.8902 DEBUG Database connection attempt 2
2024-03-26 09:15:12.9013 INFO Database connected
2024-03-26 09:15:13.0124 WARN Low disk space
2024-03-26 09:15:14.1235 ERROR Failed to save file
2024-03-26 09:15:15.2346 INFO User login attempt
2024-03-26 09:15:16.3457 INFO User logged in successfully
2024-03-26 09:15:17.4568 DEBUG Session started for user
2024-03-26 09:15:18.5679 WARN User session already active
2024-03-26 09:15:19.6781 INFO Application health check OK
2024-03-26 09:15:20.7892 INFO Application End